[debug] [2023-07-05T08:13:13.692Z] ----------------------------------------------------------------------
[debug] [2023-07-05T08:13:13.949Z] Command:       C:\Program Files\nodejs\node.exe C:\Users\DENIS\AppData\Roaming\npm\node_modules\firebase-tools\lib\bin\firebase.js init
[debug] [2023-07-05T08:13:13.951Z] CLI Version:   12.3.1
[debug] [2023-07-05T08:13:13.952Z] Platform:      win32
[debug] [2023-07-05T08:13:13.953Z] Node Version:  v20.2.0
[debug] [2023-07-05T08:13:13.954Z] Time:          Wed Jul 05 2023 11:13:13 GMT+0300 (East Africa Time)
[debug] [2023-07-05T08:13:13.954Z] ----------------------------------------------------------------------
[debug] 
[debug] [2023-07-05T08:13:13.977Z] >>> [apiv2][query] GET https://firebase-public.firebaseio.com/cli.json [none]
[debug] [2023-07-05T08:13:14.719Z] > command requires scopes: ["email","openid","https://www.googleapis.com/auth/cloudplatformprojects.readonly","https://www.googleapis.com/auth/firebase","https://www.googleapis.com/auth/cloud-platform"]
[debug] [2023-07-05T08:13:14.721Z] > authorizing via signed-in user (dkasozi247@gmail.com)
[info] 
     ######## #### ########  ######## ########     ###     ######  ########
     ##        ##  ##     ## ##       ##     ##  ##   ##  ##       ##
     ######    ##  ########  ######   ########  #########  ######  ######
     ##        ##  ##    ##  ##       ##     ## ##     ##       ## ##
     ##       #### ##     ## ######## ########  ##     ##  ######  ########

You're about to initialize a Firebase project in this directory:

  C:\Users\DENIS\Desktop\REACT\my_app

[debug] [2023-07-05T08:13:15.947Z] <<< [apiv2][status] GET https://firebase-public.firebaseio.com/cli.json 200
[debug] [2023-07-05T08:13:15.949Z] <<< [apiv2][body] GET https://firebase-public.firebaseio.com/cli.json {"cloudBuildErrorAfter":1594252800000,"cloudBuildWarnAfter":1590019200000,"defaultNode10After":1594252800000,"minVersion":"3.0.5","node8DeploysDisabledAfter":1613390400000,"node8RuntimeDisabledAfter":1615809600000,"node8WarnAfter":1600128000000}
